2025-07-26 19:50:50,657 - __main__ - INFO - Starting JIRA data extraction...
2025-07-26 19:50:50,657 - __main__ - INFO - Executing JQL: project in (PROJ1, PROJ2) AND updated >= -30d ORDER BY updated DESC
2025-07-26 19:50:51,538 - __main__ - ERROR - Error fetching JIRA issues: 400 Client Error: Bad Request for url: https://sierrawireless.atlassian.net/rest/api/2/search?jql=project+in+%28PROJ1%2C+PROJ2%29+AND+updated+%3E%3D+-30d+ORDER+BY+updated+DESC&startAt=0&maxResults=50&fields=summary%2Cdescription%2Cstatus%2Cpriority%2Ccreated%2Cassignee%2Cissuetype%2Cupdated%2Clabels%2Ccomponents
2025-07-26 19:50:51,544 - __main__ - INFO - Fetched 0 issues for this query
2025-07-26 19:50:51,545 - __main__ - WARNING - No issues found
2025-07-26 20:01:13,044 - __main__ - INFO - Starting JIRA data extraction...
2025-07-26 20:01:13,045 - __main__ - INFO - Executing JQL: project in (PROJ1, PROJ2) AND updated >= -30d ORDER BY updated DESC
2025-07-26 20:01:14,271 - __main__ - ERROR - Error fetching JIRA issues: 400 Client Error: Bad Request for url: https://sierrawireless.atlassian.net/rest/api/2/search?jql=project+in+%28PROJ1%2C+PROJ2%29+AND+updated+%3E%3D+-30d+ORDER+BY+updated+DESC&startAt=0&maxResults=50&fields=summary%2Cdescription%2Cstatus%2Cpriority%2Ccreated%2Cassignee%2Cissuetype%2Cupdated%2Clabels%2Ccomponents
2025-07-26 20:01:14,272 - __main__ - INFO - Fetched 0 issues for this query
2025-07-26 20:01:14,273 - __main__ - WARNING - No issues found
2025-07-26 20:02:09,537 - __main__ - INFO - Starting JIRA data extraction...
2025-07-26 20:02:09,538 - __main__ - INFO - Executing JQL: project in (PROJ1, PROJ2) AND updated >= -30d ORDER BY updated DESC
2025-07-26 20:02:09,974 - __main__ - ERROR - Error fetching JIRA issues: 400 Client Error: Bad Request for url: https://sierrawireless.atlassian.net/rest/api/2/search?jql=project+in+%28PROJ1%2C+PROJ2%29+AND+updated+%3E%3D+-30d+ORDER+BY+updated+DESC&startAt=0&maxResults=50&fields=summary%2Cdescription%2Cstatus%2Cpriority%2Ccreated%2Cassignee%2Cissuetype%2Cupdated%2Clabels%2Ccomponents
2025-07-26 20:02:09,976 - __main__ - INFO - Fetched 0 issues for this query
2025-07-26 20:02:09,977 - __main__ - WARNING - No issues found
2025-07-26 20:03:52,055 - __main__ - INFO - Starting JIRA data extraction...
2025-07-26 20:03:52,055 - __main__ - INFO - Executing JQL: project in (PROJ1, PROJ2) AND updated >= -30d ORDER BY updated DESC
2025-07-26 20:03:53,342 - __main__ - ERROR - Error fetching JIRA issues: 400 Client Error: Bad Request for url: https://sierrawireless.atlassian.net/rest/api/2/search?jql=project+in+%28PROJ1%2C+PROJ2%29+AND+updated+%3E%3D+-30d+ORDER+BY+updated+DESC&startAt=0&maxResults=50&fields=summary%2Cdescription%2Cstatus%2Cpriority%2Ccreated%2Cassignee%2Cissuetype%2Cupdated%2Clabels%2Ccomponents
2025-07-26 20:03:53,342 - __main__ - INFO - Fetched 0 issues for this query
2025-07-26 20:03:53,343 - __main__ - WARNING - No issues found
2025-07-26 20:08:29,857 - __main__ - INFO - Starting JIRA data extraction...
2025-07-26 20:08:29,857 - __main__ - INFO - Executing JQL: GNOC in  AND updated >= -30d ORDER BY updated DESC
2025-07-26 20:08:31,780 - __main__ - ERROR - Error fetching JIRA issues: 400 Client Error: Bad Request for url: https://sierrawireless.atlassian.net/rest/api/2/search?jql=GNOC+in++AND+updated+%3E%3D+-30d+ORDER+BY+updated+DESC&startAt=0&maxResults=50&fields=summary%2Cdescription%2Cstatus%2Cpriority%2Ccreated%2Cassignee%2Cissuetype%2Cupdated%2Clabels%2Ccomponents
2025-07-26 20:08:31,782 - __main__ - INFO - Fetched 0 issues for this query
2025-07-26 20:08:31,782 - __main__ - WARNING - No issues found
2025-07-26 20:11:36,306 - __main__ - INFO - Starting JIRA data extraction...
2025-07-26 20:11:36,306 - __main__ - INFO - Executing JQL: project = GNOC AND updated >= -30d ORDER BY updated DESC
2025-07-26 20:11:38,851 - __main__ - INFO - Fetched 50 issues so far...
2025-07-26 20:11:40,456 - __main__ - INFO - Fetched 100 issues so far...
2025-07-26 20:11:42,321 - __main__ - INFO - Fetched 150 issues so far...
2025-07-26 20:11:44,126 - __main__ - INFO - Fetched 200 issues so far...
2025-07-26 20:11:45,412 - __main__ - INFO - Fetched 250 issues so far...
2025-07-26 20:11:46,335 - __main__ - INFO - Fetched 300 issues so far...
2025-07-26 20:11:47,892 - __main__ - INFO - Fetched 350 issues so far...
2025-07-26 20:11:49,855 - __main__ - INFO - Fetched 356 issues for this query
2025-07-26 20:11:49,908 - __main__ - INFO - Saved 356 issues to data\jira_export.csv
2025-07-26 20:11:49,914 - __main__ - INFO - Extraction completed successfully
2025-10-13 11:12:36,567 - __main__ - INFO - Starting JIRA data extraction...
2025-10-13 11:12:36,574 - __main__ - INFO - Executing JQL: project = GNOC AND updated >= -30d ORDER BY updated DESC
2025-10-13 11:12:37,734 - __main__ - ERROR - Error fetching JIRA issues: 410 Client Error: Gone for url: https://sierrawireless.atlassian.net/rest/api/2/search?jql=project+%3D+GNOC+AND+updated+%3E%3D+-30d+ORDER+BY+updated+DESC&startAt=0&maxResults=50&fields=summary%2Cdescription%2Cstatus%2Cpriority%2Ccreated%2Cassignee%2Cissuetype%2Cupdated%2Clabels%2Ccomponents
2025-10-13 11:12:37,737 - __main__ - INFO - Fetched 0 issues for this query
2025-10-13 11:12:37,738 - __main__ - WARNING - No issues found
2025-10-13 11:17:36,576 - __main__ - INFO - Starting JIRA data extraction...
2025-10-13 11:17:36,577 - __main__ - INFO - Executing JQL: project = GNOC AND updated >= -30d ORDER BY updated DESC
2025-10-13 11:17:38,186 - __main__ - INFO - Fetched 50 issues so far...
2025-10-13 11:17:39,715 - __main__ - INFO - Fetched 100 issues so far...
2025-10-13 11:17:41,061 - __main__ - INFO - Fetched 150 issues so far...
2025-10-13 11:17:42,498 - __main__ - INFO - Fetched 200 issues so far...
2025-10-13 11:17:44,083 - __main__ - INFO - Fetched 250 issues so far...
2025-10-13 11:17:45,642 - __main__ - INFO - Fetched 300 issues so far...
2025-10-13 11:17:46,909 - __main__ - INFO - Fetched 350 issues so far...
2025-10-13 11:17:48,200 - __main__ - INFO - Fetched 400 issues so far...
2025-10-13 11:17:49,137 - __main__ - INFO - Fetched 450 issues so far...
2025-10-13 11:17:50,731 - __main__ - INFO - Fetched 500 issues so far...
2025-10-13 11:17:51,652 - __main__ - INFO - Fetched 550 issues so far...
2025-10-13 11:17:53,282 - __main__ - INFO - Fetched 600 issues so far...
2025-10-13 11:17:54,623 - __main__ - INFO - Fetched 650 issues so far...
2025-10-13 11:17:55,576 - __main__ - INFO - Fetched 700 issues so far...
2025-10-13 11:17:56,518 - __main__ - INFO - Fetched 750 issues so far...
2025-10-13 11:17:57,398 - __main__ - INFO - Fetched 800 issues so far...
2025-10-13 11:17:58,355 - __main__ - INFO - Fetched 850 issues so far...
2025-10-13 11:17:59,486 - __main__ - INFO - Fetched 900 issues so far...
2025-10-13 11:18:00,899 - __main__ - INFO - Fetched 950 issues so far...
2025-10-13 11:18:01,736 - __main__ - INFO - Fetched 1000 issues for this query
2025-10-13 11:18:01,737 - __main__ - ERROR - Extraction failed: expected string or bytes-like object, got 'dict'
2025-10-13 11:23:58,543 - __main__ - INFO - Starting JIRA data extraction...
2025-10-13 11:23:58,544 - __main__ - INFO - Executing JQL: project = GNOC AND updated >= -30d ORDER BY updated DESC
2025-10-13 11:23:59,796 - __main__ - ERROR - Error fetching JIRA issues: 410 Client Error: Gone for url: https://sierrawireless.atlassian.net/rest/api/3/search?jql=project+%3D+GNOC+AND+updated+%3E%3D+-30d+ORDER+BY+updated+DESC&startAt=0&maxResults=50&fields=summary%2Cdescription%2Cstatus%2Cpriority%2Ccreated%2Cassignee%2Cissuetype%2Cupdated%2Clabels%2Ccomponents
2025-10-13 11:23:59,797 - __main__ - INFO - Fetched 0 issues for this query
2025-10-13 11:23:59,800 - __main__ - INFO - Fetched 0 issues for this query
2025-10-13 11:23:59,801 - __main__ - WARNING - No issues found
2025-10-13 11:25:52,916 - __main__ - INFO - Starting JIRA data extraction...
2025-10-13 11:25:52,916 - __main__ - INFO - Executing JQL: project = GNOC AND updated >= -30d ORDER BY updated DESC
2025-10-13 11:25:54,228 - __main__ - INFO - Fetched 50 issues so far...
2025-10-13 11:25:55,209 - __main__ - INFO - Fetched 100 issues so far...
2025-10-13 11:25:56,252 - __main__ - INFO - Fetched 150 issues so far...
2025-10-13 11:25:57,692 - __main__ - INFO - Fetched 200 issues so far...
2025-10-13 11:25:58,915 - __main__ - INFO - Fetched 250 issues so far...
2025-10-13 11:26:00,359 - __main__ - INFO - Fetched 300 issues so far...
2025-10-13 11:26:01,791 - __main__ - INFO - Fetched 350 issues so far...
2025-10-13 11:26:03,142 - __main__ - INFO - Fetched 400 issues so far...
2025-10-13 11:26:04,176 - __main__ - INFO - Fetched 450 issues so far...
2025-10-13 11:26:05,828 - __main__ - INFO - Fetched 500 issues so far...
2025-10-13 11:26:07,326 - __main__ - INFO - Fetched 550 issues so far...
2025-10-13 11:26:08,763 - __main__ - INFO - Fetched 600 issues so far...
2025-10-13 11:26:09,807 - __main__ - INFO - Fetched 650 issues so far...
2025-10-13 11:26:11,363 - __main__ - INFO - Fetched 700 issues so far...
2025-10-13 11:26:12,681 - __main__ - INFO - Fetched 750 issues so far...
2025-10-13 11:26:13,794 - __main__ - INFO - Fetched 800 issues so far...
2025-10-13 11:26:14,897 - __main__ - INFO - Fetched 850 issues so far...
2025-10-13 11:26:16,158 - __main__ - INFO - Fetched 900 issues so far...
2025-10-13 11:26:17,867 - __main__ - INFO - Fetched 950 issues so far...
2025-10-13 11:26:19,314 - __main__ - INFO - Fetched 1000 issues for this query
2025-10-13 11:26:19,315 - __main__ - ERROR - Extraction failed: expected string or bytes-like object, got 'dict'
2025-10-13 11:29:57,176 - __main__ - INFO - Starting JIRA data extraction...
2025-10-13 11:29:57,177 - __main__ - INFO - Executing JQL: project = GNOC AND updated >= -30d ORDER BY updated DESC
2025-10-13 11:29:58,611 - __main__ - INFO - Fetched 50 issues so far...
2025-10-13 11:29:59,979 - __main__ - INFO - Fetched 100 issues so far...
2025-10-13 11:30:01,416 - __main__ - INFO - Fetched 150 issues so far...
2025-10-13 11:30:02,858 - __main__ - INFO - Fetched 200 issues so far...
2025-10-13 11:30:04,192 - __main__ - INFO - Fetched 250 issues so far...
2025-10-13 11:30:05,580 - __main__ - INFO - Fetched 300 issues so far...
2025-10-13 11:30:06,885 - __main__ - INFO - Fetched 350 issues so far...
2025-10-13 11:30:08,357 - __main__ - INFO - Fetched 400 issues so far...
2025-10-13 11:30:09,464 - __main__ - INFO - Fetched 450 issues so far...
2025-10-13 11:30:10,754 - __main__ - INFO - Fetched 500 issues so far...
2025-10-13 11:30:12,121 - __main__ - INFO - Fetched 550 issues so far...
2025-10-13 11:30:13,174 - __main__ - INFO - Fetched 600 issues so far...
2025-10-13 11:30:14,654 - __main__ - INFO - Fetched 650 issues so far...
2025-10-13 11:30:16,265 - __main__ - INFO - Fetched 700 issues so far...
2025-10-13 11:30:17,835 - __main__ - INFO - Fetched 750 issues so far...
2025-10-13 11:30:19,315 - __main__ - INFO - Fetched 800 issues so far...
2025-10-13 11:30:20,318 - __main__ - INFO - Fetched 850 issues so far...
2025-10-13 11:30:21,766 - __main__ - INFO - Fetched 900 issues so far...
2025-10-13 11:30:22,900 - __main__ - INFO - Fetched 950 issues so far...
2025-10-13 11:30:24,444 - __main__ - INFO - Fetched 1000 issues for this query
2025-10-13 11:30:24,595 - __main__ - INFO - Saved 50 issues to data\jira_export.csv
2025-10-13 11:30:24,602 - __main__ - INFO - Extraction completed successfully
2025-10-13 11:31:26,315 - __main__ - INFO - Starting JIRA data extraction...
2025-10-13 11:31:26,316 - __main__ - INFO - Executing JQL: project = GNOC AND updated >= -30d ORDER BY updated DESC
2025-10-13 11:31:28,279 - __main__ - INFO - Fetched 100 issues so far...
2025-10-13 11:31:29,911 - __main__ - INFO - Fetched 200 issues so far...
2025-10-13 11:31:31,485 - __main__ - INFO - Fetched 300 issues so far...
2025-10-13 11:31:32,580 - __main__ - INFO - Fetched 400 issues so far...
2025-10-13 11:31:34,115 - __main__ - INFO - Fetched 500 issues so far...
2025-10-13 11:31:35,366 - __main__ - INFO - Fetched 600 issues so far...
2025-10-13 11:31:36,871 - __main__ - INFO - Fetched 700 issues so far...
2025-10-13 11:31:38,160 - __main__ - INFO - Fetched 800 issues so far...
2025-10-13 11:31:39,690 - __main__ - INFO - Fetched 900 issues so far...
2025-10-13 11:31:40,756 - __main__ - INFO - Fetched 1000 issues for this query
2025-10-13 11:31:40,947 - __main__ - INFO - Saved 100 issues to data\jira_export.csv
2025-10-13 11:31:40,954 - __main__ - INFO - Extraction completed successfully
2025-11-06 07:07:03,005 - __main__ - ERROR - JIRA credentials not found in environment variables
2025-11-06 07:07:03,005 - __main__ - ERROR - Extraction failed: Please set JIRA_API_TOKEN and JIRA_USER_EMAIL in .env file
2025-11-06 07:07:38,230 - __main__ - INFO - Starting JIRA data extraction...
2025-11-06 07:07:38,230 - __main__ - INFO - Executing JQL: project = GNOC AND updated >= -30d ORDER BY updated DESC
2025-11-06 07:07:38,230 - __main__ - INFO - Max tickets to fetch: 500
2025-11-06 07:07:38,231 - __main__ - INFO - Requesting batch: startAt=0, maxResults=100
2025-11-06 07:07:46,790 - __main__ - INFO - API Response: total=not provided, issues_in_batch=100, page=1
2025-11-06 07:07:46,791 - __main__ - INFO - Added 100 new unique issues. Total unique issues: 100
2025-11-06 07:07:46,792 - __main__ - INFO - Requesting batch with nextPageToken, maxResults=100
2025-11-06 07:07:56,949 - __main__ - INFO - API Response: total=not provided, issues_in_batch=100, page=2
2025-11-06 07:07:56,950 - __main__ - INFO - Added 100 new unique issues. Total unique issues: 200
2025-11-06 07:07:56,950 - __main__ - INFO - Requesting batch with nextPageToken, maxResults=100
2025-11-06 07:08:08,549 - __main__ - INFO - API Response: total=not provided, issues_in_batch=100, page=3
2025-11-06 07:08:08,550 - __main__ - INFO - Added 100 new unique issues. Total unique issues: 300
2025-11-06 07:08:08,550 - __main__ - INFO - Requesting batch with nextPageToken, maxResults=100
2025-11-06 07:08:18,497 - __main__ - INFO - API Response: total=not provided, issues_in_batch=100, page=4
2025-11-06 07:08:18,498 - __main__ - INFO - Added 100 new unique issues. Total unique issues: 400
2025-11-06 07:08:18,498 - __main__ - INFO - Requesting batch with nextPageToken, maxResults=100
2025-11-06 07:08:24,941 - __main__ - INFO - API Response: total=not provided, issues_in_batch=100, page=5
2025-11-06 07:08:24,942 - __main__ - INFO - Added 100 new unique issues. Total unique issues: 500
2025-11-06 07:08:24,942 - __main__ - INFO - Reached max_tickets limit of 500
2025-11-06 07:08:24,942 - __main__ - INFO - Total unique issues fetched: 500
2025-11-06 07:08:24,944 - __main__ - INFO - Fetched 500 issues for this query
2025-11-06 07:08:24,945 - __main__ - INFO - Processing 500 issues...
2025-11-06 07:08:25,034 - __main__ - INFO - Saved 500 issues to data\raw/jira_tickets.json
2025-11-06 07:08:25,037 - __main__ - INFO - Extraction completed successfully
